<?xml version="1.0" encoding="UTF-8"?>
<coverage generated="1511255467043" clover="3.2.0">
  <project timestamp="1511255467044" name="All files">
    <metrics statements="63" coveredstatements="44" conditionals="4" coveredconditionals="2" methods="29" coveredmethods="12" elements="96" coveredelements="58" complexity="0" loc="63" ncloc="63" packages="9" files="17" classes="17">
      <package name="AlbumDetail">
        <metrics statements="7" coveredstatements="6" conditionals="0" coveredconditionals="0" methods="2" coveredmethods="1"/>
        <file name="Album.style.js" path="/Users/aritraaritra/Documents/Projects/boiler-plates/reactnativeapp/src/components/AlbumDetail/Album.style.js">
          <metrics statements="1" coveredstatements="1" conditionals="0" coveredconditionals="0" methods="0" coveredmethods="0"/>
          <line num="1" count="2" type="stmt"/>
        </file>
        <file name="index.js" path="/Users/aritraaritra/Documents/Projects/boiler-plates/reactnativeapp/src/components/AlbumDetail/index.js">
          <metrics statements="6" coveredstatements="5" conditionals="0" coveredconditionals="0" methods="2" coveredmethods="1"/>
          <line num="8" count="2" type="stmt"/>
          <line num="10" count="1" type="stmt"/>
          <line num="12" count="1" type="stmt"/>
          <line num="27" count="0" type="stmt"/>
          <line num="33" count="2" type="stmt"/>
          <line num="42" count="2" type="stmt"/>
        </file>
      </package>
      <package name="AlbumList">
        <metrics statements="8" coveredstatements="4" conditionals="2" coveredconditionals="1" methods="7" coveredmethods="3"/>
        <file name="index.js" path="/Users/aritraaritra/Documents/Projects/boiler-plates/reactnativeapp/src/components/AlbumList/index.js">
          <metrics statements="8" coveredstatements="4" conditionals="2" coveredconditionals="1" methods="7" coveredmethods="3"/>
          <line num="9" count="1" type="stmt"/>
          <line num="15" count="1" type="stmt"/>
          <line num="16" count="0" type="stmt"/>
          <line num="19" count="0" type="stmt"/>
          <line num="22" count="1" type="cond" truecount="1" falsecount="1"/>
          <line num="23" count="1" type="stmt"/>
          <line num="28" count="0" type="stmt"/>
          <line num="31" count="0" type="stmt"/>
        </file>
      </package>
      <package name="Button">
        <metrics statements="8" coveredstatements="6" conditionals="0" coveredconditionals="0" methods="3" coveredmethods="1"/>
        <file name="Button.style.js" path="/Users/aritraaritra/Documents/Projects/boiler-plates/reactnativeapp/src/components/Button/Button.style.js">
          <metrics statements="1" coveredstatements="1" conditionals="0" coveredconditionals="0" methods="0" coveredmethods="0"/>
          <line num="1" count="4" type="stmt"/>
        </file>
        <file name="index.js" path="/Users/aritraaritra/Documents/Projects/boiler-plates/reactnativeapp/src/components/Button/index.js">
          <metrics statements="7" coveredstatements="5" conditionals="0" coveredconditionals="0" methods="3" coveredmethods="1"/>
          <line num="4" count="4" type="stmt"/>
          <line num="5" count="5" type="stmt"/>
          <line num="6" count="5" type="stmt"/>
          <line num="7" count="0" type="stmt"/>
          <line num="13" count="4" type="stmt"/>
          <line num="15" count="0" type="stmt"/>
          <line num="17" count="4" type="stmt"/>
        </file>
      </package>
      <package name="Card">
        <metrics statements="4" coveredstatements="4" conditionals="0" coveredconditionals="0" methods="1" coveredmethods="1"/>
        <file name="Card.style.js" path="/Users/aritraaritra/Documents/Projects/boiler-plates/reactnativeapp/src/components/Card/Card.style.js">
          <metrics statements="1" coveredstatements="1" conditionals="0" coveredconditionals="0" methods="0" coveredmethods="0"/>
          <line num="1" count="4" type="stmt"/>
        </file>
        <file name="index.js" path="/Users/aritraaritra/Documents/Projects/boiler-plates/reactnativeapp/src/components/Card/index.js">
          <metrics statements="3" coveredstatements="3" conditionals="0" coveredconditionals="0" methods="1" coveredmethods="1"/>
          <line num="5" count="4" type="stmt"/>
          <line num="6" count="3" type="stmt"/>
          <line num="7" count="3" type="stmt"/>
        </file>
      </package>
      <package name="CardSection">
        <metrics statements="4" coveredstatements="4" conditionals="0" coveredconditionals="0" methods="1" coveredmethods="1"/>
        <file name="CardSection.style.js" path="/Users/aritraaritra/Documents/Projects/boiler-plates/reactnativeapp/src/components/CardSection/CardSection.style.js">
          <metrics statements="1" coveredstatements="1" conditionals="0" coveredconditionals="0" methods="0" coveredmethods="0"/>
          <line num="1" count="4" type="stmt"/>
        </file>
        <file name="index.js" path="/Users/aritraaritra/Documents/Projects/boiler-plates/reactnativeapp/src/components/CardSection/index.js">
          <metrics statements="3" coveredstatements="3" conditionals="0" coveredconditionals="0" methods="1" coveredmethods="1"/>
          <line num="4" count="4" type="stmt"/>
          <line num="5" count="7" type="stmt"/>
          <line num="6" count="7" type="stmt"/>
        </file>
      </package>
      <package name="Header">
        <metrics statements="6" coveredstatements="6" conditionals="0" coveredconditionals="0" methods="1" coveredmethods="1"/>
        <file name="Header.style.js" path="/Users/aritraaritra/Documents/Projects/boiler-plates/reactnativeapp/src/components/Header/Header.style.js">
          <metrics statements="1" coveredstatements="1" conditionals="0" coveredconditionals="0" methods="0" coveredmethods="0"/>
          <line num="1" count="1" type="stmt"/>
        </file>
        <file name="index.js" path="/Users/aritraaritra/Documents/Projects/boiler-plates/reactnativeapp/src/components/Header/index.js">
          <metrics statements="5" coveredstatements="5" conditionals="0" coveredconditionals="0" methods="1" coveredmethods="1"/>
          <line num="4" count="1" type="stmt"/>
          <line num="5" count="3" type="stmt"/>
          <line num="6" count="3" type="stmt"/>
          <line num="13" count="1" type="stmt"/>
          <line num="16" count="1" type="stmt"/>
        </file>
      </package>
      <package name="Input">
        <metrics statements="5" coveredstatements="4" conditionals="0" coveredconditionals="0" methods="2" coveredmethods="1"/>
        <file name="Input.style.js" path="/Users/aritraaritra/Documents/Projects/boiler-plates/reactnativeapp/src/components/Input/Input.style.js">
          <metrics statements="1" coveredstatements="1" conditionals="0" coveredconditionals="0" methods="0" coveredmethods="0"/>
          <line num="1" count="2" type="stmt"/>
        </file>
        <file name="index.js" path="/Users/aritraaritra/Documents/Projects/boiler-plates/reactnativeapp/src/components/Input/index.js">
          <metrics statements="4" coveredstatements="3" conditionals="0" coveredconditionals="0" methods="2" coveredmethods="1"/>
          <line num="5" count="2" type="stmt"/>
          <line num="6" count="6" type="stmt"/>
          <line num="7" count="6" type="stmt"/>
          <line num="10" count="0" type="stmt"/>
        </file>
      </package>
      <package name="LoginForm">
        <metrics statements="15" coveredstatements="4" conditionals="2" coveredconditionals="1" methods="11" coveredmethods="2"/>
        <file name="LoginForm.style.js" path="/Users/aritraaritra/Documents/Projects/boiler-plates/reactnativeapp/src/components/LoginForm/LoginForm.style.js">
          <metrics statements="1" coveredstatements="1" conditionals="0" coveredconditionals="0" methods="0" coveredmethods="0"/>
          <line num="1" count="1" type="stmt"/>
        </file>
        <file name="index.js" path="/Users/aritraaritra/Documents/Projects/boiler-plates/reactnativeapp/src/components/LoginForm/index.js">
          <metrics statements="14" coveredstatements="3" conditionals="2" coveredconditionals="1" methods="11" coveredmethods="2"/>
          <line num="21" count="0" type="stmt"/>
          <line num="22" count="0" type="stmt"/>
          <line num="23" count="0" type="stmt"/>
          <line num="24" count="0" type="stmt"/>
          <line num="26" count="0" type="stmt"/>
          <line num="27" count="0" type="stmt"/>
          <line num="28" count="0" type="stmt"/>
          <line num="33" count="0" type="stmt"/>
          <line num="42" count="0" type="stmt"/>
          <line num="49" count="1" type="cond" truecount="1" falsecount="1"/>
          <line num="54" count="1" type="stmt"/>
          <line num="55" count="1" type="stmt"/>
          <line num="58" count="0" type="stmt"/>
          <line num="61" count="0" type="stmt"/>
        </file>
      </package>
      <package name="Spinner">
        <metrics statements="6" coveredstatements="6" conditionals="0" coveredconditionals="0" methods="1" coveredmethods="1"/>
        <file name="Spinner.style.js" path="/Users/aritraaritra/Documents/Projects/boiler-plates/reactnativeapp/src/components/Spinner/Spinner.style.js">
          <metrics statements="1" coveredstatements="1" conditionals="0" coveredconditionals="0" methods="0" coveredmethods="0"/>
          <line num="1" count="3" type="stmt"/>
        </file>
        <file name="index.js" path="/Users/aritraaritra/Documents/Projects/boiler-plates/reactnativeapp/src/components/Spinner/index.js">
          <metrics statements="5" coveredstatements="5" conditionals="0" coveredconditionals="0" methods="1" coveredmethods="1"/>
          <line num="4" count="3" type="stmt"/>
          <line num="5" count="4" type="stmt"/>
          <line num="6" count="4" type="stmt"/>
          <line num="13" count="3" type="stmt"/>
          <line num="16" count="3" type="stmt"/>
        </file>
      </package>
    </metrics>
  </project>
</coverage>
