<?xml version="1.0" encoding="UTF-8"?>
<coverage generated="1510912565353" clover="3.2.0">
  <project timestamp="1510912565353" name="All files">
    <metrics statements="33" coveredstatements="29" conditionals="0" coveredconditionals="0" methods="13" coveredmethods="8" elements="46" coveredelements="37" complexity="0" loc="33" ncloc="33" packages="6" files="11" classes="11">
      <package name="AlbumDetail">
        <metrics statements="7" coveredstatements="6" conditionals="0" coveredconditionals="0" methods="2" coveredmethods="1"/>
        <file name="Album.style.js" path="/Users/aritraaritra/Documents/Projects/boiler-plates/reactnativeapp/src/components/AlbumDetail/Album.style.js">
          <metrics statements="1" coveredstatements="1" conditionals="0" coveredconditionals="0" methods="0" coveredmethods="0"/>
          <line num="1" count="2" type="stmt"/>
        </file>
        <file name="index.js" path="/Users/aritraaritra/Documents/Projects/boiler-plates/reactnativeapp/src/components/AlbumDetail/index.js">
          <metrics statements="6" coveredstatements="5" conditionals="0" coveredconditionals="0" methods="2" coveredmethods="1"/>
          <line num="8" count="2" type="stmt"/>
          <line num="10" count="1" type="stmt"/>
          <line num="12" count="1" type="stmt"/>
          <line num="27" count="0" type="stmt"/>
          <line num="33" count="2" type="stmt"/>
          <line num="42" count="2" type="stmt"/>
        </file>
      </package>
      <package name="AlbumList">
        <metrics statements="4" coveredstatements="3" conditionals="0" coveredconditionals="0" methods="5" coveredmethods="3"/>
        <file name="index.js" path="/Users/aritraaritra/Documents/Projects/boiler-plates/reactnativeapp/src/components/AlbumList/index.js">
          <metrics statements="4" coveredstatements="3" conditionals="0" coveredconditionals="0" methods="5" coveredmethods="3"/>
          <line num="14" count="1" type="stmt"/>
          <line num="15" count="0" type="stmt"/>
          <line num="19" count="1" type="stmt"/>
          <line num="23" count="1" type="stmt"/>
        </file>
      </package>
      <package name="Button">
        <metrics statements="8" coveredstatements="6" conditionals="0" coveredconditionals="0" methods="3" coveredmethods="1"/>
        <file name="Button.style.js" path="/Users/aritraaritra/Documents/Projects/boiler-plates/reactnativeapp/src/components/Button/Button.style.js">
          <metrics statements="1" coveredstatements="1" conditionals="0" coveredconditionals="0" methods="0" coveredmethods="0"/>
          <line num="1" count="3" type="stmt"/>
        </file>
        <file name="index.js" path="/Users/aritraaritra/Documents/Projects/boiler-plates/reactnativeapp/src/components/Button/index.js">
          <metrics statements="7" coveredstatements="5" conditionals="0" coveredconditionals="0" methods="3" coveredmethods="1"/>
          <line num="4" count="3" type="stmt"/>
          <line num="5" count="4" type="stmt"/>
          <line num="6" count="4" type="stmt"/>
          <line num="7" count="0" type="stmt"/>
          <line num="13" count="3" type="stmt"/>
          <line num="15" count="0" type="stmt"/>
          <line num="17" count="3" type="stmt"/>
        </file>
      </package>
      <package name="Card">
        <metrics statements="4" coveredstatements="4" conditionals="0" coveredconditionals="0" methods="1" coveredmethods="1"/>
        <file name="Card.style.js" path="/Users/aritraaritra/Documents/Projects/boiler-plates/reactnativeapp/src/components/Card/Card.style.js">
          <metrics statements="1" coveredstatements="1" conditionals="0" coveredconditionals="0" methods="0" coveredmethods="0"/>
          <line num="1" count="3" type="stmt"/>
        </file>
        <file name="index.js" path="/Users/aritraaritra/Documents/Projects/boiler-plates/reactnativeapp/src/components/Card/index.js">
          <metrics statements="3" coveredstatements="3" conditionals="0" coveredconditionals="0" methods="1" coveredmethods="1"/>
          <line num="5" count="3" type="stmt"/>
          <line num="6" count="2" type="stmt"/>
          <line num="7" count="2" type="stmt"/>
        </file>
      </package>
      <package name="CardSection">
        <metrics statements="4" coveredstatements="4" conditionals="0" coveredconditionals="0" methods="1" coveredmethods="1"/>
        <file name="CardSection.style.js" path="/Users/aritraaritra/Documents/Projects/boiler-plates/reactnativeapp/src/components/CardSection/CardSection.style.js">
          <metrics statements="1" coveredstatements="1" conditionals="0" coveredconditionals="0" methods="0" coveredmethods="0"/>
          <line num="1" count="3" type="stmt"/>
        </file>
        <file name="index.js" path="/Users/aritraaritra/Documents/Projects/boiler-plates/reactnativeapp/src/components/CardSection/index.js">
          <metrics statements="3" coveredstatements="3" conditionals="0" coveredconditionals="0" methods="1" coveredmethods="1"/>
          <line num="4" count="3" type="stmt"/>
          <line num="5" count="4" type="stmt"/>
          <line num="6" count="4" type="stmt"/>
        </file>
      </package>
      <package name="Header">
        <metrics statements="6" coveredstatements="6" conditionals="0" coveredconditionals="0" methods="1" coveredmethods="1"/>
        <file name="Header.style.js" path="/Users/aritraaritra/Documents/Projects/boiler-plates/reactnativeapp/src/components/Header/Header.style.js">
          <metrics statements="1" coveredstatements="1" conditionals="0" coveredconditionals="0" methods="0" coveredmethods="0"/>
          <line num="1" count="1" type="stmt"/>
        </file>
        <file name="index.js" path="/Users/aritraaritra/Documents/Projects/boiler-plates/reactnativeapp/src/components/Header/index.js">
          <metrics statements="5" coveredstatements="5" conditionals="0" coveredconditionals="0" methods="1" coveredmethods="1"/>
          <line num="4" count="1" type="stmt"/>
          <line num="5" count="3" type="stmt"/>
          <line num="6" count="3" type="stmt"/>
          <line num="13" count="1" type="stmt"/>
          <line num="16" count="1" type="stmt"/>
        </file>
      </package>
    </metrics>
  </project>
</coverage>
