{"/Users/aritraaritra/Documents/Projects/boiler-plates/reactnativeapp/src/components/AlbumDetail/Album.style.js": {"path":"/Users/aritraaritra/Documents/Projects/boiler-plates/reactnativeapp/src/components/AlbumDetail/Album.style.js","statementMap":{"0":{"start":{"line":1,"column":15},"end":{"line":24,"column":1}}},"fnMap":{},"branchMap":{},"s":{"0":2},"f":{},"b":{},"_coverageSchema":"332fd63041d2c1bcb487cc26dd0d5f7d97098a6c","hash":"0a9cd7b56f07bd8839f7714d9e2f6b97f72c2742"}
,"/Users/aritraaritra/Documents/Projects/boiler-plates/reactnativeapp/src/components/AlbumDetail/index.js": {"path":"/Users/aritraaritra/Documents/Projects/boiler-plates/reactnativeapp/src/components/AlbumDetail/index.js","statementMap":{"0":{"start":{"line":8,"column":20},"end":{"line":31,"column":1}},"1":{"start":{"line":10,"column":101},"end":{"line":10,"column":107}},"2":{"start":{"line":12,"column":2},"end":{"line":30,"column":4}},"3":{"start":{"line":27,"column":32},"end":{"line":27,"column":64}},"4":{"start":{"line":33,"column":21},"end":{"line":41,"column":1}},"5":{"start":{"line":42,"column":0},"end":{"line":42,"column":39}}},"fnMap":{"0":{"name":"(anonymous_0)","decl":{"start":{"line":8,"column":20},"end":{"line":8,"column":21}},"loc":{"start":{"line":8,"column":31},"end":{"line":31,"column":1}},"line":8},"1":{"name":"(anonymous_1)","decl":{"start":{"line":27,"column":26},"end":{"line":27,"column":27}},"loc":{"start":{"line":27,"column":32},"end":{"line":27,"column":64}},"line":27}},"branchMap":{},"s":{"0":2,"1":1,"2":1,"3":0,"4":2,"5":2},"f":{"0":1,"1":0},"b":{},"_coverageSchema":"332fd63041d2c1bcb487cc26dd0d5f7d97098a6c","hash":"5e50b4500c3d318cdfeb3eb0eb67e4b15cb986ed"}
,"/Users/aritraaritra/Documents/Projects/boiler-plates/reactnativeapp/src/components/AlbumList/index.js": {"path":"/Users/aritraaritra/Documents/Projects/boiler-plates/reactnativeapp/src/components/AlbumList/index.js","statementMap":{"0":{"start":{"line":9,"column":4},"end":{"line":9,"column":16}},"1":{"start":{"line":15,"column":4},"end":{"line":16,"column":65}},"2":{"start":{"line":16,"column":25},"end":{"line":16,"column":63}},"3":{"start":{"line":19,"column":4},"end":{"line":19,"column":77}},"4":{"start":{"line":19,"column":31},"end":{"line":19,"column":76}},"5":{"start":{"line":22,"column":4},"end":{"line":27,"column":7}},"6":{"start":{"line":23,"column":6},"end":{"line":27,"column":7}},"7":{"start":{"line":28,"column":4},"end":{"line":33,"column":6}},"8":{"start":{"line":31,"column":31},"end":{"line":31,"column":52}}},"fnMap":{"0":{"name":"(anonymous_0)","decl":{"start":{"line":8,"column":2},"end":{"line":8,"column":3}},"loc":{"start":{"line":8,"column":21},"end":{"line":10,"column":3}},"line":8},"1":{"name":"(anonymous_1)","decl":{"start":{"line":14,"column":2},"end":{"line":14,"column":3}},"loc":{"start":{"line":14,"column":23},"end":{"line":17,"column":3}},"line":14},"2":{"name":"(anonymous_2)","decl":{"start":{"line":16,"column":12},"end":{"line":16,"column":13}},"loc":{"start":{"line":16,"column":25},"end":{"line":16,"column":63}},"line":16},"3":{"name":"(anonymous_3)","decl":{"start":{"line":18,"column":2},"end":{"line":18,"column":3}},"loc":{"start":{"line":18,"column":23},"end":{"line":20,"column":3}},"line":18},"4":{"name":"(anonymous_4)","decl":{"start":{"line":19,"column":21},"end":{"line":19,"column":22}},"loc":{"start":{"line":19,"column":31},"end":{"line":19,"column":76}},"line":19},"5":{"name":"(anonymous_5)","decl":{"start":{"line":21,"column":2},"end":{"line":21,"column":3}},"loc":{"start":{"line":21,"column":11},"end":{"line":34,"column":3}},"line":21},"6":{"name":"(anonymous_6)","decl":{"start":{"line":31,"column":25},"end":{"line":31,"column":26}},"loc":{"start":{"line":31,"column":31},"end":{"line":31,"column":52}},"line":31}},"branchMap":{"0":{"loc":{"start":{"line":22,"column":4},"end":{"line":27,"column":7}},"type":"if","locations":[{"start":{"line":22,"column":4},"end":{"line":27,"column":7}},{"start":{"line":22,"column":4},"end":{"line":27,"column":7}}],"line":22}},"s":{"0":1,"1":1,"2":0,"3":0,"4":0,"5":1,"6":1,"7":0,"8":0},"f":{"0":1,"1":1,"2":0,"3":0,"4":0,"5":1,"6":0},"b":{"0":[1,0]},"_coverageSchema":"332fd63041d2c1bcb487cc26dd0d5f7d97098a6c","hash":"662a84e61dc6b2c0c9f37ef884b2ec2f0a056d98"}
,"/Users/aritraaritra/Documents/Projects/boiler-plates/reactnativeapp/src/components/Button/Button.style.js": {"path":"/Users/aritraaritra/Documents/Projects/boiler-plates/reactnativeapp/src/components/Button/Button.style.js","statementMap":{"0":{"start":{"line":1,"column":15},"end":{"line":20,"column":1}}},"fnMap":{},"branchMap":{},"s":{"0":4},"f":{},"b":{},"_coverageSchema":"332fd63041d2c1bcb487cc26dd0d5f7d97098a6c","hash":"eb51c7f155c7c8798145403f8b06cdc54c026543"}
,"/Users/aritraaritra/Documents/Projects/boiler-plates/reactnativeapp/src/components/Button/index.js": {"path":"/Users/aritraaritra/Documents/Projects/boiler-plates/reactnativeapp/src/components/Button/index.js","statementMap":{"0":{"start":{"line":4,"column":15},"end":{"line":11,"column":1}},"1":{"start":{"line":5,"column":43},"end":{"line":5,"column":55}},"2":{"start":{"line":6,"column":2},"end":{"line":10,"column":4}},"3":{"start":{"line":7,"column":57},"end":{"line":7,"column":72}},"4":{"start":{"line":13,"column":21},"end":{"line":16,"column":1}},"5":{"start":{"line":15,"column":19},"end":{"line":15,"column":41}},"6":{"start":{"line":17,"column":0},"end":{"line":17,"column":34}}},"fnMap":{"0":{"name":"(anonymous_0)","decl":{"start":{"line":4,"column":15},"end":{"line":4,"column":16}},"loc":{"start":{"line":4,"column":26},"end":{"line":11,"column":1}},"line":4},"1":{"name":"(anonymous_1)","decl":{"start":{"line":7,"column":51},"end":{"line":7,"column":52}},"loc":{"start":{"line":7,"column":57},"end":{"line":7,"column":72}},"line":7},"2":{"name":"(anonymous_2)","decl":{"start":{"line":15,"column":11},"end":{"line":15,"column":12}},"loc":{"start":{"line":15,"column":17},"end":{"line":15,"column":43}},"line":15}},"branchMap":{},"s":{"0":4,"1":5,"2":5,"3":0,"4":4,"5":0,"6":4},"f":{"0":5,"1":0,"2":0},"b":{},"_coverageSchema":"332fd63041d2c1bcb487cc26dd0d5f7d97098a6c","hash":"56c22099deda420f1f4f5020da055b4e082efd27"}
,"/Users/aritraaritra/Documents/Projects/boiler-plates/reactnativeapp/src/components/Card/Card.style.js": {"path":"/Users/aritraaritra/Documents/Projects/boiler-plates/reactnativeapp/src/components/Card/Card.style.js","statementMap":{"0":{"start":{"line":1,"column":15},"end":{"line":16,"column":1}}},"fnMap":{},"branchMap":{},"s":{"0":4},"f":{},"b":{},"_coverageSchema":"332fd63041d2c1bcb487cc26dd0d5f7d97098a6c","hash":"3e4fabf38b113ba5cd90bfaf1c0ddd5b858661af"}
,"/Users/aritraaritra/Documents/Projects/boiler-plates/reactnativeapp/src/components/Card/index.js": {"path":"/Users/aritraaritra/Documents/Projects/boiler-plates/reactnativeapp/src/components/Card/index.js","statementMap":{"0":{"start":{"line":5,"column":13},"end":{"line":12,"column":1}},"1":{"start":{"line":6,"column":29},"end":{"line":6,"column":39}},"2":{"start":{"line":7,"column":2},"end":{"line":11,"column":4}}},"fnMap":{"0":{"name":"(anonymous_0)","decl":{"start":{"line":5,"column":13},"end":{"line":5,"column":14}},"loc":{"start":{"line":5,"column":24},"end":{"line":12,"column":1}},"line":5}},"branchMap":{},"s":{"0":4,"1":3,"2":3},"f":{"0":3},"b":{},"_coverageSchema":"332fd63041d2c1bcb487cc26dd0d5f7d97098a6c","hash":"a7f714d4731291a7554c199e0ebd314a8589da0f"}
,"/Users/aritraaritra/Documents/Projects/boiler-plates/reactnativeapp/src/components/CardSection/CardSection.style.js": {"path":"/Users/aritraaritra/Documents/Projects/boiler-plates/reactnativeapp/src/components/CardSection/CardSection.style.js","statementMap":{"0":{"start":{"line":1,"column":15},"end":{"line":11,"column":1}}},"fnMap":{},"branchMap":{},"s":{"0":4},"f":{},"b":{},"_coverageSchema":"332fd63041d2c1bcb487cc26dd0d5f7d97098a6c","hash":"d7b2bd1316aaf042aed7796684f731d7dd6cafbe"}
,"/Users/aritraaritra/Documents/Projects/boiler-plates/reactnativeapp/src/components/CardSection/index.js": {"path":"/Users/aritraaritra/Documents/Projects/boiler-plates/reactnativeapp/src/components/CardSection/index.js","statementMap":{"0":{"start":{"line":4,"column":20},"end":{"line":11,"column":1}},"1":{"start":{"line":5,"column":29},"end":{"line":5,"column":39}},"2":{"start":{"line":6,"column":2},"end":{"line":10,"column":4}}},"fnMap":{"0":{"name":"(anonymous_0)","decl":{"start":{"line":4,"column":20},"end":{"line":4,"column":21}},"loc":{"start":{"line":4,"column":31},"end":{"line":11,"column":1}},"line":4}},"branchMap":{},"s":{"0":4,"1":7,"2":7},"f":{"0":7},"b":{},"_coverageSchema":"332fd63041d2c1bcb487cc26dd0d5f7d97098a6c","hash":"37dcfe3d9d3a7271949f6eda26229d25297d4b52"}
,"/Users/aritraaritra/Documents/Projects/boiler-plates/reactnativeapp/src/components/Header/Header.style.js": {"path":"/Users/aritraaritra/Documents/Projects/boiler-plates/reactnativeapp/src/components/Header/Header.style.js","statementMap":{"0":{"start":{"line":1,"column":15},"end":{"line":17,"column":1}}},"fnMap":{},"branchMap":{},"s":{"0":1},"f":{},"b":{},"_coverageSchema":"332fd63041d2c1bcb487cc26dd0d5f7d97098a6c","hash":"8ab13b4c9bdc801ffc642f33d60513d9de41fcae"}
,"/Users/aritraaritra/Documents/Projects/boiler-plates/reactnativeapp/src/components/Header/index.js": {"path":"/Users/aritraaritra/Documents/Projects/boiler-plates/reactnativeapp/src/components/Header/index.js","statementMap":{"0":{"start":{"line":4,"column":15},"end":{"line":11,"column":1}},"1":{"start":{"line":5,"column":35},"end":{"line":5,"column":47}},"2":{"start":{"line":6,"column":2},"end":{"line":10,"column":4}},"3":{"start":{"line":13,"column":21},"end":{"line":15,"column":1}},"4":{"start":{"line":16,"column":0},"end":{"line":16,"column":34}}},"fnMap":{"0":{"name":"(anonymous_0)","decl":{"start":{"line":4,"column":15},"end":{"line":4,"column":16}},"loc":{"start":{"line":4,"column":26},"end":{"line":11,"column":1}},"line":4}},"branchMap":{},"s":{"0":1,"1":3,"2":3,"3":1,"4":1},"f":{"0":3},"b":{},"_coverageSchema":"332fd63041d2c1bcb487cc26dd0d5f7d97098a6c","hash":"67341e0cedceaddeefa3e0b7668d64200f6a334d"}
,"/Users/aritraaritra/Documents/Projects/boiler-plates/reactnativeapp/src/components/Input/Input.style.js": {"path":"/Users/aritraaritra/Documents/Projects/boiler-plates/reactnativeapp/src/components/Input/Input.style.js","statementMap":{"0":{"start":{"line":1,"column":15},"end":{"line":21,"column":1}}},"fnMap":{},"branchMap":{},"s":{"0":2},"f":{},"b":{},"_coverageSchema":"332fd63041d2c1bcb487cc26dd0d5f7d97098a6c","hash":"b49acee4f2c8799aa45e422f06300c5d02e9472d"}
,"/Users/aritraaritra/Documents/Projects/boiler-plates/reactnativeapp/src/components/Input/index.js": {"path":"/Users/aritraaritra/Documents/Projects/boiler-plates/reactnativeapp/src/components/Input/index.js","statementMap":{"0":{"start":{"line":5,"column":14},"end":{"line":13,"column":1}},"1":{"start":{"line":6,"column":57},"end":{"line":6,"column":68}},"2":{"start":{"line":7,"column":2},"end":{"line":12,"column":4}},"3":{"start":{"line":10,"column":170},"end":{"line":10,"column":194}}},"fnMap":{"0":{"name":"(anonymous_0)","decl":{"start":{"line":5,"column":14},"end":{"line":5,"column":15}},"loc":{"start":{"line":5,"column":25},"end":{"line":13,"column":1}},"line":5},"1":{"name":"(anonymous_1)","decl":{"start":{"line":10,"column":160},"end":{"line":10,"column":161}},"loc":{"start":{"line":10,"column":170},"end":{"line":10,"column":194}},"line":10}},"branchMap":{},"s":{"0":2,"1":6,"2":6,"3":0},"f":{"0":6,"1":0},"b":{},"_coverageSchema":"332fd63041d2c1bcb487cc26dd0d5f7d97098a6c","hash":"c1d84adc11e566e264cc078aa67ad0db807f30dc"}
,"/Users/aritraaritra/Documents/Projects/boiler-plates/reactnativeapp/src/components/LoginForm/LoginForm.style.js": {"path":"/Users/aritraaritra/Documents/Projects/boiler-plates/reactnativeapp/src/components/LoginForm/LoginForm.style.js","statementMap":{"0":{"start":{"line":1,"column":15},"end":{"line":7,"column":1}}},"fnMap":{},"branchMap":{},"s":{"0":1},"f":{},"b":{},"_coverageSchema":"332fd63041d2c1bcb487cc26dd0d5f7d97098a6c","hash":"57ef2f96c3202bcb7cc187d5762db9eeea8f1714"}
,"/Users/aritraaritra/Documents/Projects/boiler-plates/reactnativeapp/src/components/LoginForm/index.js": {"path":"/Users/aritraaritra/Documents/Projects/boiler-plates/reactnativeapp/src/components/LoginForm/index.js","statementMap":{"0":{"start":{"line":21,"column":30},"end":{"line":21,"column":40}},"1":{"start":{"line":22,"column":4},"end":{"line":22,"column":47}},"2":{"start":{"line":23,"column":4},"end":{"line":29,"column":8}},"3":{"start":{"line":24,"column":18},"end":{"line":24,"column":39}},"4":{"start":{"line":26,"column":8},"end":{"line":28,"column":42}},"5":{"start":{"line":27,"column":22},"end":{"line":27,"column":43}},"6":{"start":{"line":28,"column":23},"end":{"line":28,"column":41}},"7":{"start":{"line":33,"column":4},"end":{"line":38,"column":6}},"8":{"start":{"line":42,"column":4},"end":{"line":45,"column":7}},"9":{"start":{"line":49,"column":2},"end":{"line":49,"column":118}},"10":{"start":{"line":54,"column":27},"end":{"line":54,"column":42}},"11":{"start":{"line":55,"column":4},"end":{"line":70,"column":6}},"12":{"start":{"line":58,"column":40},"end":{"line":58,"column":64}},"13":{"start":{"line":61,"column":43},"end":{"line":61,"column":70}}},"fnMap":{"0":{"name":"(anonymous_0)","decl":{"start":{"line":20,"column":2},"end":{"line":20,"column":3}},"loc":{"start":{"line":20,"column":16},"end":{"line":30,"column":3}},"line":20},"1":{"name":"(anonymous_1)","decl":{"start":{"line":24,"column":12},"end":{"line":24,"column":13}},"loc":{"start":{"line":24,"column":18},"end":{"line":24,"column":39}},"line":24},"2":{"name":"(anonymous_2)","decl":{"start":{"line":25,"column":13},"end":{"line":25,"column":14}},"loc":{"start":{"line":25,"column":19},"end":{"line":29,"column":7}},"line":25},"3":{"name":"(anonymous_3)","decl":{"start":{"line":27,"column":16},"end":{"line":27,"column":17}},"loc":{"start":{"line":27,"column":22},"end":{"line":27,"column":43}},"line":27},"4":{"name":"(anonymous_4)","decl":{"start":{"line":28,"column":17},"end":{"line":28,"column":18}},"loc":{"start":{"line":28,"column":23},"end":{"line":28,"column":41}},"line":28},"5":{"name":"(anonymous_5)","decl":{"start":{"line":32,"column":2},"end":{"line":32,"column":3}},"loc":{"start":{"line":32,"column":19},"end":{"line":39,"column":3}},"line":32},"6":{"name":"(anonymous_6)","decl":{"start":{"line":41,"column":2},"end":{"line":41,"column":3}},"loc":{"start":{"line":41,"column":16},"end":{"line":46,"column":3}},"line":41},"7":{"name":"(anonymous_7)","decl":{"start":{"line":48,"column":2},"end":{"line":48,"column":3}},"loc":{"start":{"line":48,"column":17},"end":{"line":50,"column":3}},"line":48},"8":{"name":"(anonymous_8)","decl":{"start":{"line":53,"column":2},"end":{"line":53,"column":3}},"loc":{"start":{"line":53,"column":11},"end":{"line":71,"column":3}},"line":53},"9":{"name":"(anonymous_9)","decl":{"start":{"line":58,"column":31},"end":{"line":58,"column":32}},"loc":{"start":{"line":58,"column":40},"end":{"line":58,"column":64}},"line":58},"10":{"name":"(anonymous_10)","decl":{"start":{"line":61,"column":31},"end":{"line":61,"column":32}},"loc":{"start":{"line":61,"column":43},"end":{"line":61,"column":70}},"line":61}},"branchMap":{"0":{"loc":{"start":{"line":49,"column":9},"end":{"line":49,"column":117}},"type":"cond-expr","locations":[{"start":{"line":49,"column":30},"end":{"line":49,"column":53}},{"start":{"line":49,"column":56},"end":{"line":49,"column":117}}],"line":49}},"s":{"0":0,"1":0,"2":0,"3":0,"4":0,"5":0,"6":0,"7":0,"8":0,"9":1,"10":1,"11":1,"12":0,"13":0},"f":{"0":0,"1":0,"2":0,"3":0,"4":0,"5":0,"6":0,"7":1,"8":1,"9":0,"10":0},"b":{"0":[0,1]},"_coverageSchema":"332fd63041d2c1bcb487cc26dd0d5f7d97098a6c","hash":"15d1362290cc8d5fc7f13a1f29dde5d5ec898bdd"}
,"/Users/aritraaritra/Documents/Projects/boiler-plates/reactnativeapp/src/components/Spinner/Spinner.style.js": {"path":"/Users/aritraaritra/Documents/Projects/boiler-plates/reactnativeapp/src/components/Spinner/Spinner.style.js","statementMap":{"0":{"start":{"line":1,"column":15},"end":{"line":7,"column":1}}},"fnMap":{},"branchMap":{},"s":{"0":3},"f":{},"b":{},"_coverageSchema":"332fd63041d2c1bcb487cc26dd0d5f7d97098a6c","hash":"12bd50be1b67252c7646cffb28d5f62224214124"}
,"/Users/aritraaritra/Documents/Projects/boiler-plates/reactnativeapp/src/components/Spinner/index.js": {"path":"/Users/aritraaritra/Documents/Projects/boiler-plates/reactnativeapp/src/components/Spinner/index.js","statementMap":{"0":{"start":{"line":4,"column":16},"end":{"line":11,"column":1}},"1":{"start":{"line":5,"column":24},"end":{"line":5,"column":37}},"2":{"start":{"line":6,"column":2},"end":{"line":10,"column":4}},"3":{"start":{"line":13,"column":21},"end":{"line":15,"column":1}},"4":{"start":{"line":16,"column":0},"end":{"line":16,"column":35}}},"fnMap":{"0":{"name":"(anonymous_0)","decl":{"start":{"line":4,"column":16},"end":{"line":4,"column":17}},"loc":{"start":{"line":4,"column":27},"end":{"line":11,"column":1}},"line":4}},"branchMap":{},"s":{"0":3,"1":4,"2":4,"3":3,"4":3},"f":{"0":4},"b":{},"_coverageSchema":"332fd63041d2c1bcb487cc26dd0d5f7d97098a6c","hash":"f150116f7906fb3a5683b55a69c858b6fff847d1"}
}
