TN:
SF:/Users/aritraaritra/Documents/Projects/boiler-plates/reactnativeapp/src/components/AlbumDetail/Album.style.js
FNF:0
FNH:0
DA:1,2
LF:1
LH:1
BRF:0
BRH:0
end_of_record
TN:
SF:/Users/aritraaritra/Documents/Projects/boiler-plates/reactnativeapp/src/components/AlbumDetail/index.js
FN:8,(anonymous_0)
FN:27,(anonymous_1)
FNF:2
FNH:1
FNDA:1,(anonymous_0)
FNDA:0,(anonymous_1)
DA:8,2
DA:10,1
DA:12,1
DA:27,0
DA:33,2
DA:42,2
LF:6
LH:5
BRF:0
BRH:0
end_of_record
TN:
SF:/Users/aritraaritra/Documents/Projects/boiler-plates/reactnativeapp/src/components/AlbumList/index.js
FN:13,(anonymous_0)
FN:15,(anonymous_1)
FN:18,(anonymous_2)
FN:19,(anonymous_3)
FN:22,(anonymous_4)
FNF:5
FNH:3
FNDA:1,(anonymous_0)
FNDA:0,(anonymous_1)
FNDA:1,(anonymous_2)
FNDA:0,(anonymous_3)
FNDA:1,(anonymous_4)
DA:14,1
DA:15,0
DA:19,1
DA:23,1
LF:4
LH:3
BRF:0
BRH:0
end_of_record
TN:
SF:/Users/aritraaritra/Documents/Projects/boiler-plates/reactnativeapp/src/components/Button/Button.style.js
FNF:0
FNH:0
DA:1,3
LF:1
LH:1
BRF:0
BRH:0
end_of_record
TN:
SF:/Users/aritraaritra/Documents/Projects/boiler-plates/reactnativeapp/src/components/Button/index.js
FN:4,(anonymous_0)
FN:7,(anonymous_1)
FN:15,(anonymous_2)
FNF:3
FNH:1
FNDA:4,(anonymous_0)
FNDA:0,(anonymous_1)
FNDA:0,(anonymous_2)
DA:4,3
DA:5,4
DA:6,4
DA:7,0
DA:13,3
DA:15,0
DA:17,3
LF:7
LH:5
BRF:0
BRH:0
end_of_record
TN:
SF:/Users/aritraaritra/Documents/Projects/boiler-plates/reactnativeapp/src/components/Card/Card.style.js
FNF:0
FNH:0
DA:1,3
LF:1
LH:1
BRF:0
BRH:0
end_of_record
TN:
SF:/Users/aritraaritra/Documents/Projects/boiler-plates/reactnativeapp/src/components/Card/index.js
FN:5,(anonymous_0)
FNF:1
FNH:1
FNDA:2,(anonymous_0)
DA:5,3
DA:6,2
DA:7,2
LF:3
LH:3
BRF:0
BRH:0
end_of_record
TN:
SF:/Users/aritraaritra/Documents/Projects/boiler-plates/reactnativeapp/src/components/CardSection/CardSection.style.js
FNF:0
FNH:0
DA:1,3
LF:1
LH:1
BRF:0
BRH:0
end_of_record
TN:
SF:/Users/aritraaritra/Documents/Projects/boiler-plates/reactnativeapp/src/components/CardSection/index.js
FN:4,(anonymous_0)
FNF:1
FNH:1
FNDA:4,(anonymous_0)
DA:4,3
DA:5,4
DA:6,4
LF:3
LH:3
BRF:0
BRH:0
end_of_record
TN:
SF:/Users/aritraaritra/Documents/Projects/boiler-plates/reactnativeapp/src/components/Header/Header.style.js
FNF:0
FNH:0
DA:1,1
LF:1
LH:1
BRF:0
BRH:0
end_of_record
TN:
SF:/Users/aritraaritra/Documents/Projects/boiler-plates/reactnativeapp/src/components/Header/index.js
FN:4,(anonymous_0)
FNF:1
FNH:1
FNDA:3,(anonymous_0)
DA:4,1
DA:5,3
DA:6,3
DA:13,1
DA:16,1
LF:5
LH:5
BRF:0
BRH:0
end_of_record
