TN:
SF:/Users/aritraaritra/Documents/Projects/boiler-plates/reactnativeapp/src/components/AlbumDetail/Album.style.js
FNF:0
FNH:0
DA:1,2
LF:1
LH:1
BRF:0
BRH:0
end_of_record
TN:
SF:/Users/aritraaritra/Documents/Projects/boiler-plates/reactnativeapp/src/components/AlbumDetail/index.js
FN:8,(anonymous_0)
FN:27,(anonymous_1)
FNF:2
FNH:1
FNDA:1,(anonymous_0)
FNDA:0,(anonymous_1)
DA:8,2
DA:10,1
DA:12,1
DA:27,0
DA:33,2
DA:42,2
LF:6
LH:5
BRF:0
BRH:0
end_of_record
TN:
SF:/Users/aritraaritra/Documents/Projects/boiler-plates/reactnativeapp/src/components/AlbumList/index.js
FN:8,(anonymous_0)
FN:14,(anonymous_1)
FN:16,(anonymous_2)
FN:18,(anonymous_3)
FN:19,(anonymous_4)
FN:21,(anonymous_5)
FN:31,(anonymous_6)
FNF:7
FNH:3
FNDA:1,(anonymous_0)
FNDA:1,(anonymous_1)
FNDA:0,(anonymous_2)
FNDA:0,(anonymous_3)
FNDA:0,(anonymous_4)
FNDA:1,(anonymous_5)
FNDA:0,(anonymous_6)
DA:9,1
DA:15,1
DA:16,0
DA:19,0
DA:22,1
DA:23,1
DA:28,0
DA:31,0
LF:8
LH:4
BRDA:22,0,0,1
BRDA:22,0,1,0
BRF:2
BRH:1
end_of_record
TN:
SF:/Users/aritraaritra/Documents/Projects/boiler-plates/reactnativeapp/src/components/Button/Button.style.js
FNF:0
FNH:0
DA:1,4
LF:1
LH:1
BRF:0
BRH:0
end_of_record
TN:
SF:/Users/aritraaritra/Documents/Projects/boiler-plates/reactnativeapp/src/components/Button/index.js
FN:4,(anonymous_0)
FN:7,(anonymous_1)
FN:15,(anonymous_2)
FNF:3
FNH:1
FNDA:5,(anonymous_0)
FNDA:0,(anonymous_1)
FNDA:0,(anonymous_2)
DA:4,4
DA:5,5
DA:6,5
DA:7,0
DA:13,4
DA:15,0
DA:17,4
LF:7
LH:5
BRF:0
BRH:0
end_of_record
TN:
SF:/Users/aritraaritra/Documents/Projects/boiler-plates/reactnativeapp/src/components/Card/Card.style.js
FNF:0
FNH:0
DA:1,4
LF:1
LH:1
BRF:0
BRH:0
end_of_record
TN:
SF:/Users/aritraaritra/Documents/Projects/boiler-plates/reactnativeapp/src/components/Card/index.js
FN:5,(anonymous_0)
FNF:1
FNH:1
FNDA:3,(anonymous_0)
DA:5,4
DA:6,3
DA:7,3
LF:3
LH:3
BRF:0
BRH:0
end_of_record
TN:
SF:/Users/aritraaritra/Documents/Projects/boiler-plates/reactnativeapp/src/components/CardSection/CardSection.style.js
FNF:0
FNH:0
DA:1,4
LF:1
LH:1
BRF:0
BRH:0
end_of_record
TN:
SF:/Users/aritraaritra/Documents/Projects/boiler-plates/reactnativeapp/src/components/CardSection/index.js
FN:4,(anonymous_0)
FNF:1
FNH:1
FNDA:7,(anonymous_0)
DA:4,4
DA:5,7
DA:6,7
LF:3
LH:3
BRF:0
BRH:0
end_of_record
TN:
SF:/Users/aritraaritra/Documents/Projects/boiler-plates/reactnativeapp/src/components/Header/Header.style.js
FNF:0
FNH:0
DA:1,1
LF:1
LH:1
BRF:0
BRH:0
end_of_record
TN:
SF:/Users/aritraaritra/Documents/Projects/boiler-plates/reactnativeapp/src/components/Header/index.js
FN:4,(anonymous_0)
FNF:1
FNH:1
FNDA:3,(anonymous_0)
DA:4,1
DA:5,3
DA:6,3
DA:13,1
DA:16,1
LF:5
LH:5
BRF:0
BRH:0
end_of_record
TN:
SF:/Users/aritraaritra/Documents/Projects/boiler-plates/reactnativeapp/src/components/Input/Input.style.js
FNF:0
FNH:0
DA:1,2
LF:1
LH:1
BRF:0
BRH:0
end_of_record
TN:
SF:/Users/aritraaritra/Documents/Projects/boiler-plates/reactnativeapp/src/components/Input/index.js
FN:5,(anonymous_0)
FN:10,(anonymous_1)
FNF:2
FNH:1
FNDA:6,(anonymous_0)
FNDA:0,(anonymous_1)
DA:5,2
DA:6,6
DA:7,6
DA:10,0
LF:4
LH:3
BRF:0
BRH:0
end_of_record
TN:
SF:/Users/aritraaritra/Documents/Projects/boiler-plates/reactnativeapp/src/components/LoginForm/LoginForm.style.js
FNF:0
FNH:0
DA:1,1
LF:1
LH:1
BRF:0
BRH:0
end_of_record
TN:
SF:/Users/aritraaritra/Documents/Projects/boiler-plates/reactnativeapp/src/components/LoginForm/index.js
FN:20,(anonymous_0)
FN:24,(anonymous_1)
FN:25,(anonymous_2)
FN:27,(anonymous_3)
FN:28,(anonymous_4)
FN:32,(anonymous_5)
FN:41,(anonymous_6)
FN:48,(anonymous_7)
FN:53,(anonymous_8)
FN:58,(anonymous_9)
FN:61,(anonymous_10)
FNF:11
FNH:2
FNDA:0,(anonymous_0)
FNDA:0,(anonymous_1)
FNDA:0,(anonymous_2)
FNDA:0,(anonymous_3)
FNDA:0,(anonymous_4)
FNDA:0,(anonymous_5)
FNDA:0,(anonymous_6)
FNDA:1,(anonymous_7)
FNDA:1,(anonymous_8)
FNDA:0,(anonymous_9)
FNDA:0,(anonymous_10)
DA:21,0
DA:22,0
DA:23,0
DA:24,0
DA:26,0
DA:27,0
DA:28,0
DA:33,0
DA:42,0
DA:49,1
DA:54,1
DA:55,1
DA:58,0
DA:61,0
LF:14
LH:3
BRDA:49,0,0,0
BRDA:49,0,1,1
BRF:2
BRH:1
end_of_record
TN:
SF:/Users/aritraaritra/Documents/Projects/boiler-plates/reactnativeapp/src/components/Spinner/Spinner.style.js
FNF:0
FNH:0
DA:1,3
LF:1
LH:1
BRF:0
BRH:0
end_of_record
TN:
SF:/Users/aritraaritra/Documents/Projects/boiler-plates/reactnativeapp/src/components/Spinner/index.js
FN:4,(anonymous_0)
FNF:1
FNH:1
FNDA:4,(anonymous_0)
DA:4,3
DA:5,4
DA:6,4
DA:13,3
DA:16,3
LF:5
LH:5
BRF:0
BRH:0
end_of_record
